{"/Users/ammar/LearnMicroService/ticketing/payments/src/app.ts": {"path":"/Users/ammar/LearnMicroService/ticketing/payments/src/app.ts","statementMap":{"0":{"start":{"line":1,"column":0},"end":{"line":1,"column":30}},"1":{"start":{"line":2,"column":0},"end":{"line":2,"column":30}},"2":{"start":{"line":3,"column":0},"end":{"line":3,"column":35}},"3":{"start":{"line":4,"column":0},"end":{"line":4,"column":43}},"4":{"start":{"line":7,"column":0},"end":{"line":7,"column":77}},"5":{"start":{"line":8,"column":0},"end":{"line":8,"column":50}},"6":{"start":{"line":10,"column":12},"end":{"line":10,"column":21}},"7":{"start":{"line":31,"column":9},"end":{"line":31,"column":12}},"8":{"start":{"line":11,"column":0},"end":{"line":11,"column":29}},"9":{"start":{"line":13,"column":0},"end":{"line":13,"column":16}},"10":{"start":{"line":14,"column":0},"end":{"line":19,"column":2}},"11":{"start":{"line":20,"column":0},"end":{"line":20,"column":21}},"12":{"start":{"line":23,"column":0},"end":{"line":23,"column":28}},"13":{"start":{"line":25,"column":0},"end":{"line":27,"column":3}},"14":{"start":{"line":26,"column":2},"end":{"line":26,"column":28}},"15":{"start":{"line":29,"column":0},"end":{"line":29,"column":22}}},"fnMap":{"0":{"name":"(anonymous_1)","decl":{"start":{"line":25,"column":13},"end":{"line":25,"column":null}},"loc":{"start":{"line":25,"column":13},"end":{"line":27,"column":1}}}},"branchMap":{},"s":{"0":1,"1":1,"2":1,"3":1,"4":1,"5":1,"6":1,"7":1,"8":1,"9":1,"10":1,"11":1,"12":1,"13":1,"14":0,"15":1},"f":{"0":0},"b":{}}
,"/Users/ammar/LearnMicroService/ticketing/payments/src/stripe.ts": {"path":"/Users/ammar/LearnMicroService/ticketing/payments/src/stripe.ts","statementMap":{"0":{"start":{"line":1,"column":0},"end":{"line":1,"column":28}},"1":{"start":{"line":3,"column":13},"end":{"line":5,"column":3}}},"fnMap":{},"branchMap":{},"s":{"0":1,"1":1},"f":{},"b":{}}
,"/Users/ammar/LearnMicroService/ticketing/payments/src/events/listeners/order-cancelled-listener.ts": {"path":"/Users/ammar/LearnMicroService/ticketing/payments/src/events/listeners/order-cancelled-listener.ts","statementMap":{"0":{"start":{"line":2,"column":0},"end":{"line":2,"column":null}},"1":{"start":{"line":11,"column":0},"end":{"line":11,"column":43}},"2":{"start":{"line":12,"column":0},"end":{"line":12,"column":52}},"3":{"start":{"line":14,"column":0},"end":{"line":14,"column":73}},"4":{"start":{"line":14,"column":44},"end":{"line":14,"column":52}},"5":{"start":{"line":14,"column":0},"end":{"line":14,"column":13}},"6":{"start":{"line":15,"column":2},"end":{"line":15,"column":61}},"7":{"start":{"line":16,"column":2},"end":{"line":16,"column":34}},"8":{"start":{"line":18,"column":8},"end":{"line":42,"column":null}},"9":{"start":{"line":19,"column":18},"end":{"line":22,"column":null}},"10":{"start":{"line":19,"column":10},"end":{"line":22,"column":null}},"11":{"start":{"line":24,"column":4},"end":{"line":26,"column":null}},"12":{"start":{"line":25,"column":6},"end":{"line":25,"column":32}},"13":{"start":{"line":28,"column":4},"end":{"line":33,"column":null}},"14":{"start":{"line":32,"column":6},"end":{"line":32,"column":23}},"15":{"start":{"line":35,"column":4},"end":{"line":37,"column":7}},"16":{"start":{"line":39,"column":4},"end":{"line":39,"column":23}},"17":{"start":{"line":41,"column":4},"end":{"line":41,"column":14}},"18":{"start":{"line":43,"column":0},"end":{"line":43,"column":null}},"19":{"start":{"line":14,"column":13},"end":{"line":14,"column":35}}},"fnMap":{"0":{"name":"(anonymous_19)","decl":{"start":{"line":14,"column":0},"end":{"line":14,"column":13}},"loc":{"start":{"line":14,"column":0},"end":{"line":43,"column":null}}},"1":{"name":"(anonymous_21)","decl":{"start":{"line":18,"column":2},"end":{"line":18,"column":8}},"loc":{"start":{"line":18,"column":65},"end":{"line":42,"column":null}}}},"branchMap":{"0":{"loc":{"start":{"line":14,"column":0},"end":{"line":14,"column":13}},"type":"binary-expr","locations":[{"start":{"line":14,"column":0},"end":{"line":14,"column":13}},{"start":{"line":14,"column":0},"end":{"line":14,"column":13}},{"start":{"line":14,"column":0},"end":{"line":14,"column":13}}]},"1":{"loc":{"start":{"line":19,"column":18},"end":{"line":22,"column":null}},"type":"switch","locations":[{"start":{"line":19,"column":18},"end":{"line":22,"column":null}}]},"2":{"loc":{"start":{"line":24,"column":4},"end":{"line":26,"column":null}},"type":"if","locations":[{"start":{"line":24,"column":4},"end":{"line":26,"column":null}},{"start":{"line":24,"column":4},"end":{"line":26,"column":null}}]},"3":{"loc":{"start":{"line":28,"column":4},"end":{"line":33,"column":null}},"type":"if","locations":[{"start":{"line":28,"column":4},"end":{"line":33,"column":null}},{"start":{"line":28,"column":4},"end":{"line":33,"column":null}}]},"4":{"loc":{"start":{"line":29,"column":6},"end":{"line":29,"column":44}},"type":"binary-expr","locations":[{"start":{"line":29,"column":6},"end":{"line":29,"column":44}},{"start":{"line":30,"column":6},"end":{"line":30,"column":43}}]}},"s":{"0":1,"1":1,"2":1,"3":1,"4":1,"5":3,"6":3,"7":3,"8":1,"9":3,"10":3,"11":3,"12":1,"13":2,"14":0,"15":2,"16":4,"17":2,"18":1,"19":1},"f":{"0":4,"1":3},"b":{"0":[3,3,3],"1":[3],"2":[1,2],"3":[0,2],"4":[2,2]}}
,"/Users/ammar/LearnMicroService/ticketing/payments/src/events/listeners/order-created-listener.ts": {"path":"/Users/ammar/LearnMicroService/ticketing/payments/src/events/listeners/order-created-listener.ts","statementMap":{"0":{"start":{"line":2,"column":0},"end":{"line":2,"column":74}},"1":{"start":{"line":5,"column":0},"end":{"line":5,"column":43}},"2":{"start":{"line":6,"column":0},"end":{"line":6,"column":52}},"3":{"start":{"line":8,"column":0},"end":{"line":8,"column":69}},"4":{"start":{"line":8,"column":42},"end":{"line":8,"column":50}},"5":{"start":{"line":8,"column":0},"end":{"line":8,"column":13}},"6":{"start":{"line":9,"column":2},"end":{"line":9,"column":57}},"7":{"start":{"line":10,"column":2},"end":{"line":10,"column":34}},"8":{"start":{"line":11,"column":8},"end":{"line":28,"column":null}},"9":{"start":{"line":12,"column":23},"end":{"line":12,"column":null}},"10":{"start":{"line":12,"column":10},"end":{"line":12,"column":null}},"11":{"start":{"line":14,"column":4},"end":{"line":16,"column":null}},"12":{"start":{"line":15,"column":6},"end":{"line":15,"column":23}},"13":{"start":{"line":18,"column":10},"end":{"line":24,"column":7}},"14":{"start":{"line":26,"column":4},"end":{"line":26,"column":23}},"15":{"start":{"line":27,"column":4},"end":{"line":27,"column":14}},"16":{"start":{"line":29,"column":0},"end":{"line":29,"column":null}},"17":{"start":{"line":8,"column":13},"end":{"line":8,"column":33}}},"fnMap":{"0":{"name":"(anonymous_19)","decl":{"start":{"line":8,"column":0},"end":{"line":8,"column":13}},"loc":{"start":{"line":8,"column":0},"end":{"line":29,"column":null}}},"1":{"name":"(anonymous_21)","decl":{"start":{"line":11,"column":2},"end":{"line":11,"column":8}},"loc":{"start":{"line":11,"column":63},"end":{"line":28,"column":null}}}},"branchMap":{"0":{"loc":{"start":{"line":8,"column":0},"end":{"line":8,"column":13}},"type":"binary-expr","locations":[{"start":{"line":8,"column":0},"end":{"line":8,"column":13}},{"start":{"line":8,"column":0},"end":{"line":8,"column":13}},{"start":{"line":8,"column":0},"end":{"line":8,"column":13}}]},"1":{"loc":{"start":{"line":12,"column":23},"end":{"line":12,"column":null}},"type":"switch","locations":[{"start":{"line":12,"column":23},"end":{"line":12,"column":null}}]},"2":{"loc":{"start":{"line":14,"column":4},"end":{"line":16,"column":null}},"type":"if","locations":[{"start":{"line":14,"column":4},"end":{"line":16,"column":null}},{"start":{"line":14,"column":4},"end":{"line":16,"column":null}}]}},"s":{"0":1,"1":1,"2":1,"3":1,"4":1,"5":3,"6":3,"7":3,"8":1,"9":4,"10":4,"11":4,"12":1,"13":3,"14":6,"15":3,"16":1,"17":1},"f":{"0":4,"1":4},"b":{"0":[3,3,3],"1":[4],"2":[1,3]}}
,"/Users/ammar/LearnMicroService/ticketing/payments/src/events/listeners/queue-group-name.ts": {"path":"/Users/ammar/LearnMicroService/ticketing/payments/src/events/listeners/queue-group-name.ts","statementMap":{"0":{"start":{"line":1,"column":13},"end":{"line":1,"column":49}}},"fnMap":{},"branchMap":{},"s":{"0":2},"f":{},"b":{}}
,"/Users/ammar/LearnMicroService/ticketing/payments/src/models/order.ts": {"path":"/Users/ammar/LearnMicroService/ticketing/payments/src/models/order.ts","statementMap":{"0":{"start":{"line":1,"column":0},"end":{"line":1,"column":32}},"1":{"start":{"line":2,"column":0},"end":{"line":2,"column":48}},"2":{"start":{"line":3,"column":0},"end":{"line":3,"column":67}},"3":{"start":{"line":24,"column":20},"end":{"line":48,"column":null}},"4":{"start":{"line":44,"column":8},"end":{"line":44,"column":25}},"5":{"start":{"line":45,"column":8},"end":{"line":45,"column":23}},"6":{"start":{"line":51,"column":0},"end":{"line":51,"column":41}},"7":{"start":{"line":52,"column":0},"end":{"line":52,"column":42}},"8":{"start":{"line":54,"column":0},"end":{"line":62,"column":2}},"9":{"start":{"line":55,"column":2},"end":{"line":61,"column":5}},"10":{"start":{"line":64,"column":14},"end":{"line":64,"column":72}},"11":{"start":{"line":66,"column":9},"end":{"line":66,"column":14}}},"fnMap":{"0":{"name":"(anonymous_1)","decl":{"start":{"line":43,"column":15},"end":{"line":43,"column":16}},"loc":{"start":{"line":43,"column":24},"end":{"line":46,"column":7}}},"1":{"name":"(anonymous_2)","decl":{"start":{"line":54,"column":28},"end":{"line":54,"column":29}},"loc":{"start":{"line":54,"column":46},"end":{"line":62,"column":1}}}},"branchMap":{},"s":{"0":3,"1":3,"2":3,"3":3,"4":0,"5":0,"6":3,"7":3,"8":3,"9":11,"10":3,"11":3},"f":{"0":0,"1":11},"b":{}}
,"/Users/ammar/LearnMicroService/ticketing/payments/src/models/payment.ts": {"path":"/Users/ammar/LearnMicroService/ticketing/payments/src/models/payment.ts","statementMap":{"0":{"start":{"line":1,"column":0},"end":{"line":1,"column":32}},"1":{"start":{"line":17,"column":22},"end":{"line":35,"column":null}},"2":{"start":{"line":31,"column":8},"end":{"line":31,"column":25}},"3":{"start":{"line":32,"column":8},"end":{"line":32,"column":23}},"4":{"start":{"line":38,"column":0},"end":{"line":40,"column":2}},"5":{"start":{"line":39,"column":2},"end":{"line":39,"column":28}},"6":{"start":{"line":41,"column":16},"end":{"line":43,"column":null}},"7":{"start":{"line":46,"column":9},"end":{"line":46,"column":16}}},"fnMap":{"0":{"name":"(anonymous_1)","decl":{"start":{"line":30,"column":15},"end":{"line":30,"column":16}},"loc":{"start":{"line":30,"column":24},"end":{"line":33,"column":7}}},"1":{"name":"(anonymous_2)","decl":{"start":{"line":38,"column":30},"end":{"line":38,"column":31}},"loc":{"start":{"line":38,"column":50},"end":{"line":40,"column":1}}}},"branchMap":{},"s":{"0":1,"1":1,"2":0,"3":0,"4":1,"5":1,"6":1,"7":1},"f":{"0":0,"1":1},"b":{}}
,"/Users/ammar/LearnMicroService/ticketing/payments/src/routes/new.ts": {"path":"/Users/ammar/LearnMicroService/ticketing/payments/src/routes/new.ts","statementMap":{"0":{"start":{"line":1,"column":0},"end":{"line":1,"column":53}},"1":{"start":{"line":2,"column":0},"end":{"line":2,"column":41}},"2":{"start":{"line":3,"column":0},"end":{"line":3,"column":44}},"3":{"start":{"line":5,"column":0},"end":{"line":5,"column":null}},"4":{"start":{"line":14,"column":0},"end":{"line":14,"column":40}},"5":{"start":{"line":15,"column":0},"end":{"line":15,"column":35}},"6":{"start":{"line":17,"column":15},"end":{"line":17,"column":31}},"7":{"start":{"line":74,"column":19},"end":{"line":74,"column":37}},"8":{"start":{"line":19,"column":0},"end":{"line":72,"column":2}},"9":{"start":{"line":24,"column":36},"end":{"line":71,"column":null}},"10":{"start":{"line":28,"column":10},"end":{"line":28,"column":31}},"11":{"start":{"line":29,"column":10},"end":{"line":29,"column":39}},"12":{"start":{"line":30,"column":18},"end":{"line":30,"column":null}},"13":{"start":{"line":30,"column":10},"end":{"line":30,"column":null}},"14":{"start":{"line":32,"column":4},"end":{"line":34,"column":null}},"15":{"start":{"line":33,"column":6},"end":{"line":33,"column":32}},"16":{"start":{"line":36,"column":4},"end":{"line":38,"column":null}},"17":{"start":{"line":37,"column":6},"end":{"line":37,"column":37}},"18":{"start":{"line":40,"column":4},"end":{"line":42,"column":null}},"19":{"start":{"line":41,"column":6},"end":{"line":41,"column":58}},"20":{"start":{"line":44,"column":4},"end":{"line":46,"column":null}},"21":{"start":{"line":45,"column":6},"end":{"line":45,"column":59}},"22":{"start":{"line":50,"column":15},"end":{"line":58,"column":9}},"23":{"start":{"line":50,"column":6},"end":{"line":58,"column":9}},"24":{"start":{"line":60,"column":6},"end":{"line":60,"column":58}},"25":{"start":{"line":63,"column":10},"end":{"line":66,"column":7}},"26":{"start":{"line":68,"column":4},"end":{"line":68,"column":25}},"27":{"start":{"line":70,"column":4},"end":{"line":70,"column":44}}},"fnMap":{"0":{"name":"(anonymous_14)","decl":{"start":{"line":24,"column":2},"end":{"line":24,"column":9}},"loc":{"start":{"line":24,"column":36},"end":{"line":71,"column":null}}},"1":{"name":"(anonymous_15)","decl":{"start":{"line":24,"column":36},"end":{"line":24,"column":null}},"loc":{"start":{"line":24,"column":36},"end":{"line":71,"column":null}}}},"branchMap":{"0":{"loc":{"start":{"line":32,"column":4},"end":{"line":34,"column":null}},"type":"if","locations":[{"start":{"line":32,"column":4},"end":{"line":34,"column":null}},{"start":{"line":32,"column":4},"end":{"line":34,"column":null}}]},"1":{"loc":{"start":{"line":36,"column":4},"end":{"line":38,"column":null}},"type":"if","locations":[{"start":{"line":36,"column":4},"end":{"line":38,"column":null}},{"start":{"line":36,"column":4},"end":{"line":38,"column":null}}]},"2":{"loc":{"start":{"line":40,"column":4},"end":{"line":42,"column":null}},"type":"if","locations":[{"start":{"line":40,"column":4},"end":{"line":42,"column":null}},{"start":{"line":40,"column":4},"end":{"line":42,"column":null}}]},"3":{"loc":{"start":{"line":44,"column":4},"end":{"line":46,"column":null}},"type":"if","locations":[{"start":{"line":44,"column":4},"end":{"line":46,"column":null}},{"start":{"line":44,"column":4},"end":{"line":46,"column":null}}]}},"s":{"0":1,"1":1,"2":1,"3":1,"4":1,"5":1,"6":1,"7":1,"8":1,"9":6,"10":6,"11":6,"12":6,"13":6,"14":6,"15":1,"16":5,"17":1,"18":4,"19":1,"20":3,"21":1,"22":2,"23":2,"24":1,"25":1,"26":2,"27":1},"f":{"0":6,"1":6},"b":{"0":[1,5],"1":[1,4],"2":[1,3],"3":[1,2]}}
}
