TN:
SF:src/app.ts
FN:25,(anonymous_1)
FNF:1
FNH:0
FNDA:0,(anonymous_1)
DA:1,1
DA:2,1
DA:3,1
DA:4,1
DA:7,1
DA:8,1
DA:10,1
DA:11,1
DA:13,1
DA:14,1
DA:20,1
DA:23,1
DA:25,1
DA:26,0
DA:29,1
DA:31,1
LF:16
LH:15
BRF:0
BRH:0
end_of_record
TN:
SF:src/stripe.ts
FNF:0
FNH:0
DA:1,1
DA:3,1
LF:2
LH:2
BRF:0
BRH:0
end_of_record
TN:
SF:src/events/listeners/order-cancelled-listener.ts
FN:14,(anonymous_19)
FN:18,(anonymous_21)
FNF:2
FNH:2
FNDA:4,(anonymous_19)
FNDA:3,(anonymous_21)
DA:2,1
DA:11,1
DA:12,1
DA:14,3
DA:15,3
DA:16,3
DA:18,1
DA:19,3
DA:24,3
DA:25,1
DA:28,2
DA:32,0
DA:35,2
DA:39,4
DA:41,2
DA:43,1
LF:16
LH:15
BRDA:14,0,0,3
BRDA:14,0,1,3
BRDA:14,0,2,3
BRDA:19,1,0,3
BRDA:24,2,0,1
BRDA:24,2,1,2
BRDA:28,3,0,0
BRDA:28,3,1,2
BRDA:29,4,0,2
BRDA:29,4,1,2
BRF:10
BRH:9
end_of_record
TN:
SF:src/events/listeners/order-created-listener.ts
FN:8,(anonymous_19)
FN:11,(anonymous_21)
FNF:2
FNH:2
FNDA:4,(anonymous_19)
FNDA:4,(anonymous_21)
DA:2,1
DA:5,1
DA:6,1
DA:8,3
DA:9,3
DA:10,3
DA:11,1
DA:12,4
DA:14,4
DA:15,1
DA:18,3
DA:26,6
DA:27,3
DA:29,1
LF:14
LH:14
BRDA:8,0,0,3
BRDA:8,0,1,3
BRDA:8,0,2,3
BRDA:12,1,0,4
BRDA:14,2,0,1
BRDA:14,2,1,3
BRF:6
BRH:6
end_of_record
TN:
SF:src/events/listeners/queue-group-name.ts
FNF:0
FNH:0
DA:1,2
LF:1
LH:1
BRF:0
BRH:0
end_of_record
TN:
SF:src/models/order.ts
FN:43,(anonymous_1)
FN:54,(anonymous_2)
FNF:2
FNH:1
FNDA:0,(anonymous_1)
FNDA:11,(anonymous_2)
DA:1,3
DA:2,3
DA:3,3
DA:24,3
DA:44,0
DA:45,0
DA:51,3
DA:52,3
DA:54,3
DA:55,11
DA:64,3
DA:66,3
LF:12
LH:10
BRF:0
BRH:0
end_of_record
TN:
SF:src/models/payment.ts
FN:30,(anonymous_1)
FN:38,(anonymous_2)
FNF:2
FNH:1
FNDA:0,(anonymous_1)
FNDA:1,(anonymous_2)
DA:1,1
DA:17,1
DA:31,0
DA:32,0
DA:38,1
DA:39,1
DA:41,1
DA:46,1
LF:8
LH:6
BRF:0
BRH:0
end_of_record
TN:
SF:src/routes/new.ts
FN:24,(anonymous_14)
FN:24,(anonymous_15)
FNF:2
FNH:2
FNDA:6,(anonymous_14)
FNDA:6,(anonymous_15)
DA:1,1
DA:2,1
DA:3,1
DA:5,1
DA:14,1
DA:15,1
DA:17,1
DA:19,1
DA:24,6
DA:28,6
DA:29,6
DA:30,6
DA:32,6
DA:33,1
DA:36,5
DA:37,1
DA:40,4
DA:41,1
DA:44,3
DA:45,1
DA:50,2
DA:60,1
DA:63,1
DA:68,2
DA:70,1
DA:74,1
LF:26
LH:26
BRDA:32,0,0,1
BRDA:32,0,1,5
BRDA:36,1,0,1
BRDA:36,1,1,4
BRDA:40,2,0,1
BRDA:40,2,1,3
BRDA:44,3,0,1
BRDA:44,3,1,2
BRF:8
BRH:8
end_of_record
