{"/Users/ammar/LearnMicroService/ticketing/orders/src/app.ts": {"path":"/Users/ammar/LearnMicroService/ticketing/orders/src/app.ts","statementMap":{"0":{"start":{"line":1,"column":0},"end":{"line":1,"column":30}},"1":{"start":{"line":2,"column":0},"end":{"line":2,"column":30}},"2":{"start":{"line":3,"column":0},"end":{"line":3,"column":35}},"3":{"start":{"line":4,"column":0},"end":{"line":4,"column":43}},"4":{"start":{"line":5,"column":0},"end":{"line":5,"column":77}},"5":{"start":{"line":7,"column":0},"end":{"line":7,"column":52}},"6":{"start":{"line":8,"column":0},"end":{"line":8,"column":50}},"7":{"start":{"line":9,"column":0},"end":{"line":9,"column":46}},"8":{"start":{"line":10,"column":0},"end":{"line":10,"column":48}},"9":{"start":{"line":12,"column":12},"end":{"line":12,"column":21}},"10":{"start":{"line":34,"column":9},"end":{"line":34,"column":12}},"11":{"start":{"line":13,"column":0},"end":{"line":13,"column":29}},"12":{"start":{"line":14,"column":0},"end":{"line":14,"column":16}},"13":{"start":{"line":15,"column":0},"end":{"line":20,"column":2}},"14":{"start":{"line":21,"column":0},"end":{"line":21,"column":21}},"15":{"start":{"line":23,"column":0},"end":{"line":23,"column":27}},"16":{"start":{"line":24,"column":0},"end":{"line":24,"column":26}},"17":{"start":{"line":25,"column":0},"end":{"line":25,"column":24}},"18":{"start":{"line":26,"column":0},"end":{"line":26,"column":25}},"19":{"start":{"line":28,"column":0},"end":{"line":30,"column":3}},"20":{"start":{"line":28,"column":28},"end":{"line":30,"column":2}},"21":{"start":{"line":29,"column":2},"end":{"line":29,"column":28}},"22":{"start":{"line":32,"column":0},"end":{"line":32,"column":22}}},"fnMap":{"0":{"name":"(anonymous_14)","decl":{"start":{"line":28,"column":13},"end":{"line":28,"column":20}},"loc":{"start":{"line":28,"column":28},"end":{"line":30,"column":2}}},"1":{"name":"(anonymous_15)","decl":{"start":{"line":28,"column":28},"end":{"line":28,"column":null}},"loc":{"start":{"line":28,"column":28},"end":{"line":30,"column":2}}}},"branchMap":{},"s":{"0":4,"1":4,"2":4,"3":4,"4":4,"5":4,"6":4,"7":4,"8":4,"9":4,"10":4,"11":4,"12":4,"13":4,"14":4,"15":4,"16":4,"17":4,"18":4,"19":4,"20":0,"21":0,"22":4},"f":{"0":0,"1":0},"b":{}}
,"/Users/ammar/LearnMicroService/ticketing/orders/src/events/listeners/expiration-complete-listener.ts": {"path":"/Users/ammar/LearnMicroService/ticketing/orders/src/events/listeners/expiration-complete-listener.ts","statementMap":{"0":{"start":{"line":1,"column":0},"end":{"line":1,"column":null}},"1":{"start":{"line":12,"column":0},"end":{"line":12,"column":52}},"2":{"start":{"line":13,"column":0},"end":{"line":13,"column":43}},"3":{"start":{"line":14,"column":0},"end":{"line":14,"column":92}},"4":{"start":{"line":15,"column":0},"end":{"line":15,"column":49}},"5":{"start":{"line":17,"column":0},"end":{"line":17,"column":null}},"6":{"start":{"line":17,"column":48},"end":{"line":17,"column":56}},"7":{"start":{"line":17,"column":0},"end":{"line":17,"column":13}},"8":{"start":{"line":20,"column":2},"end":{"line":20,"column":69}},"9":{"start":{"line":21,"column":2},"end":{"line":21,"column":34}},"10":{"start":{"line":22,"column":8},"end":{"line":55,"column":null}},"11":{"start":{"line":27,"column":18},"end":{"line":27,"column":null}},"12":{"start":{"line":27,"column":10},"end":{"line":27,"column":null}},"13":{"start":{"line":29,"column":4},"end":{"line":31,"column":null}},"14":{"start":{"line":30,"column":6},"end":{"line":30,"column":32}},"15":{"start":{"line":33,"column":4},"end":{"line":35,"column":null}},"16":{"start":{"line":34,"column":6},"end":{"line":34,"column":23}},"17":{"start":{"line":37,"column":4},"end":{"line":39,"column":7}},"18":{"start":{"line":41,"column":4},"end":{"line":41,"column":23}},"19":{"start":{"line":46,"column":4},"end":{"line":52,"column":7}},"20":{"start":{"line":54,"column":4},"end":{"line":54,"column":14}},"21":{"start":{"line":56,"column":0},"end":{"line":56,"column":null}},"22":{"start":{"line":17,"column":13},"end":{"line":17,"column":39}}},"fnMap":{"0":{"name":"(anonymous_19)","decl":{"start":{"line":17,"column":0},"end":{"line":17,"column":13}},"loc":{"start":{"line":17,"column":0},"end":{"line":56,"column":null}}},"1":{"name":"(anonymous_21)","decl":{"start":{"line":22,"column":2},"end":{"line":22,"column":8}},"loc":{"start":{"line":22,"column":69},"end":{"line":55,"column":null}}}},"branchMap":{"0":{"loc":{"start":{"line":17,"column":0},"end":{"line":17,"column":13}},"type":"binary-expr","locations":[{"start":{"line":17,"column":0},"end":{"line":17,"column":13}},{"start":{"line":17,"column":0},"end":{"line":17,"column":13}},{"start":{"line":17,"column":0},"end":{"line":17,"column":13}}]},"1":{"loc":{"start":{"line":27,"column":18},"end":{"line":27,"column":null}},"type":"switch","locations":[{"start":{"line":27,"column":18},"end":{"line":27,"column":null}}]},"2":{"loc":{"start":{"line":29,"column":4},"end":{"line":31,"column":null}},"type":"if","locations":[{"start":{"line":29,"column":4},"end":{"line":31,"column":null}},{"start":{"line":29,"column":4},"end":{"line":31,"column":null}}]},"3":{"loc":{"start":{"line":33,"column":4},"end":{"line":35,"column":null}},"type":"if","locations":[{"start":{"line":33,"column":4},"end":{"line":35,"column":null}},{"start":{"line":33,"column":4},"end":{"line":35,"column":null}}]}},"s":{"0":1,"1":1,"2":1,"3":1,"4":1,"5":1,"6":1,"7":3,"8":3,"9":3,"10":1,"11":3,"12":3,"13":3,"14":1,"15":2,"16":0,"17":2,"18":4,"19":4,"20":2,"21":1,"22":1},"f":{"0":4,"1":3},"b":{"0":[3,3,3],"1":[3],"2":[1,2],"3":[0,2]}}
,"/Users/ammar/LearnMicroService/ticketing/orders/src/events/listeners/queue-group-name.ts": {"path":"/Users/ammar/LearnMicroService/ticketing/orders/src/events/listeners/queue-group-name.ts","statementMap":{"0":{"start":{"line":1,"column":13},"end":{"line":1,"column":47}}},"fnMap":{},"branchMap":{},"s":{"0":3},"f":{},"b":{}}
,"/Users/ammar/LearnMicroService/ticketing/orders/src/events/listeners/ticket-created-listener.ts": {"path":"/Users/ammar/LearnMicroService/ticketing/orders/src/events/listeners/ticket-created-listener.ts","statementMap":{"0":{"start":{"line":2,"column":0},"end":{"line":2,"column":75}},"1":{"start":{"line":3,"column":0},"end":{"line":3,"column":45}},"2":{"start":{"line":4,"column":0},"end":{"line":4,"column":52}},"3":{"start":{"line":6,"column":0},"end":{"line":6,"column":71}},"4":{"start":{"line":6,"column":43},"end":{"line":6,"column":51}},"5":{"start":{"line":6,"column":0},"end":{"line":6,"column":13}},"6":{"start":{"line":7,"column":2},"end":{"line":7,"column":59}},"7":{"start":{"line":8,"column":2},"end":{"line":8,"column":34}},"8":{"start":{"line":10,"column":8},"end":{"line":21,"column":null}},"9":{"start":{"line":11,"column":12},"end":{"line":11,"column":33}},"10":{"start":{"line":13,"column":10},"end":{"line":17,"column":7}},"11":{"start":{"line":18,"column":4},"end":{"line":18,"column":24}},"12":{"start":{"line":20,"column":4},"end":{"line":20,"column":14}},"13":{"start":{"line":22,"column":0},"end":{"line":22,"column":null}},"14":{"start":{"line":6,"column":13},"end":{"line":6,"column":34}}},"fnMap":{"0":{"name":"(anonymous_19)","decl":{"start":{"line":6,"column":0},"end":{"line":6,"column":13}},"loc":{"start":{"line":6,"column":0},"end":{"line":22,"column":null}}},"1":{"name":"(anonymous_21)","decl":{"start":{"line":10,"column":2},"end":{"line":10,"column":8}},"loc":{"start":{"line":10,"column":64},"end":{"line":21,"column":null}}}},"branchMap":{"0":{"loc":{"start":{"line":6,"column":0},"end":{"line":6,"column":13}},"type":"binary-expr","locations":[{"start":{"line":6,"column":0},"end":{"line":6,"column":13}},{"start":{"line":6,"column":0},"end":{"line":6,"column":13}},{"start":{"line":6,"column":0},"end":{"line":6,"column":13}}]}},"s":{"0":2,"1":2,"2":2,"3":2,"4":2,"5":4,"6":4,"7":4,"8":2,"9":4,"10":4,"11":8,"12":4,"13":2,"14":2},"f":{"0":6,"1":4},"b":{"0":[4,4,4]}}
,"/Users/ammar/LearnMicroService/ticketing/orders/src/events/listeners/ticket-updated-listener.ts": {"path":"/Users/ammar/LearnMicroService/ticketing/orders/src/events/listeners/ticket-updated-listener.ts","statementMap":{"0":{"start":{"line":2,"column":0},"end":{"line":2,"column":75}},"1":{"start":{"line":3,"column":0},"end":{"line":3,"column":45}},"2":{"start":{"line":4,"column":0},"end":{"line":4,"column":52}},"3":{"start":{"line":6,"column":0},"end":{"line":6,"column":71}},"4":{"start":{"line":6,"column":43},"end":{"line":6,"column":51}},"5":{"start":{"line":6,"column":0},"end":{"line":6,"column":13}},"6":{"start":{"line":7,"column":2},"end":{"line":7,"column":59}},"7":{"start":{"line":8,"column":2},"end":{"line":8,"column":34}},"8":{"start":{"line":10,"column":8},"end":{"line":22,"column":null}},"9":{"start":{"line":11,"column":19},"end":{"line":11,"column":null}},"10":{"start":{"line":11,"column":10},"end":{"line":11,"column":null}},"11":{"start":{"line":13,"column":4},"end":{"line":15,"column":null}},"12":{"start":{"line":14,"column":6},"end":{"line":14,"column":42}},"13":{"start":{"line":17,"column":12},"end":{"line":17,"column":29}},"14":{"start":{"line":18,"column":4},"end":{"line":18,"column":33}},"15":{"start":{"line":19,"column":4},"end":{"line":19,"column":24}},"16":{"start":{"line":21,"column":4},"end":{"line":21,"column":14}},"17":{"start":{"line":23,"column":0},"end":{"line":23,"column":null}},"18":{"start":{"line":6,"column":13},"end":{"line":6,"column":34}}},"fnMap":{"0":{"name":"(anonymous_19)","decl":{"start":{"line":6,"column":0},"end":{"line":6,"column":13}},"loc":{"start":{"line":6,"column":0},"end":{"line":23,"column":null}}},"1":{"name":"(anonymous_21)","decl":{"start":{"line":10,"column":2},"end":{"line":10,"column":8}},"loc":{"start":{"line":10,"column":64},"end":{"line":22,"column":null}}}},"branchMap":{"0":{"loc":{"start":{"line":6,"column":0},"end":{"line":6,"column":13}},"type":"binary-expr","locations":[{"start":{"line":6,"column":0},"end":{"line":6,"column":13}},{"start":{"line":6,"column":0},"end":{"line":6,"column":13}},{"start":{"line":6,"column":0},"end":{"line":6,"column":13}}]},"1":{"loc":{"start":{"line":11,"column":19},"end":{"line":11,"column":null}},"type":"switch","locations":[{"start":{"line":11,"column":19},"end":{"line":11,"column":null}}]},"2":{"loc":{"start":{"line":13,"column":4},"end":{"line":15,"column":null}},"type":"if","locations":[{"start":{"line":13,"column":4},"end":{"line":15,"column":null}},{"start":{"line":13,"column":4},"end":{"line":15,"column":null}}]}},"s":{"0":1,"1":1,"2":1,"3":1,"4":1,"5":2,"6":2,"7":2,"8":1,"9":2,"10":2,"11":2,"12":1,"13":1,"14":1,"15":2,"16":1,"17":1,"18":1},"f":{"0":3,"1":2},"b":{"0":[2,2,2],"1":[2],"2":[1,1]}}
,"/Users/ammar/LearnMicroService/ticketing/orders/src/events/publishers/order-cancelled-publisher.ts": {"path":"/Users/ammar/LearnMicroService/ticketing/orders/src/events/publishers/order-cancelled-publisher.ts","statementMap":{"0":{"start":{"line":1,"column":0},"end":{"line":1,"column":77}},"1":{"start":{"line":3,"column":0},"end":{"line":3,"column":75}},"2":{"start":{"line":3,"column":45},"end":{"line":3,"column":54}},"3":{"start":{"line":3,"column":0},"end":{"line":3,"column":13}},"4":{"start":{"line":4,"column":2},"end":{"line":4,"column":61}},"5":{"start":{"line":5,"column":0},"end":{"line":5,"column":null}},"6":{"start":{"line":3,"column":13},"end":{"line":3,"column":36}}},"fnMap":{"0":{"name":"(anonymous_6)","decl":{"start":{"line":3,"column":0},"end":{"line":3,"column":13}},"loc":{"start":{"line":3,"column":0},"end":{"line":5,"column":null}}}},"branchMap":{"0":{"loc":{"start":{"line":3,"column":0},"end":{"line":3,"column":13}},"type":"binary-expr","locations":[{"start":{"line":3,"column":0},"end":{"line":3,"column":13}},{"start":{"line":3,"column":0},"end":{"line":3,"column":13}},{"start":{"line":3,"column":0},"end":{"line":3,"column":13}}]}},"s":{"0":5,"1":5,"2":5,"3":4,"4":4,"5":5,"6":5},"f":{"0":9},"b":{"0":[4,4,4]}}
,"/Users/ammar/LearnMicroService/ticketing/orders/src/events/publishers/order-created-publisher.ts": {"path":"/Users/ammar/LearnMicroService/ticketing/orders/src/events/publishers/order-created-publisher.ts","statementMap":{"0":{"start":{"line":1,"column":0},"end":{"line":1,"column":75}},"1":{"start":{"line":3,"column":0},"end":{"line":3,"column":71}},"2":{"start":{"line":3,"column":43},"end":{"line":3,"column":52}},"3":{"start":{"line":3,"column":0},"end":{"line":3,"column":13}},"4":{"start":{"line":4,"column":2},"end":{"line":4,"column":57}},"5":{"start":{"line":5,"column":0},"end":{"line":5,"column":null}},"6":{"start":{"line":3,"column":13},"end":{"line":3,"column":34}}},"fnMap":{"0":{"name":"(anonymous_6)","decl":{"start":{"line":3,"column":0},"end":{"line":3,"column":13}},"loc":{"start":{"line":3,"column":0},"end":{"line":5,"column":null}}}},"branchMap":{"0":{"loc":{"start":{"line":3,"column":0},"end":{"line":3,"column":13}},"type":"binary-expr","locations":[{"start":{"line":3,"column":0},"end":{"line":3,"column":13}},{"start":{"line":3,"column":0},"end":{"line":3,"column":13}},{"start":{"line":3,"column":0},"end":{"line":3,"column":13}}]}},"s":{"0":4,"1":4,"2":4,"3":9,"4":9,"5":4,"6":4},"f":{"0":13},"b":{"0":[9,9,9]}}
,"/Users/ammar/LearnMicroService/ticketing/orders/src/models/order.ts": {"path":"/Users/ammar/LearnMicroService/ticketing/orders/src/models/order.ts","statementMap":{"0":{"start":{"line":1,"column":0},"end":{"line":1,"column":32}},"1":{"start":{"line":2,"column":0},"end":{"line":2,"column":9}},"2":{"start":{"line":6,"column":9},"end":{"line":2,"column":48}},"3":{"start":{"line":4,"column":0},"end":{"line":4,"column":67}},"4":{"start":{"line":27,"column":20},"end":{"line":54,"column":null}},"5":{"start":{"line":50,"column":8},"end":{"line":50,"column":25}},"6":{"start":{"line":51,"column":8},"end":{"line":51,"column":23}},"7":{"start":{"line":57,"column":0},"end":{"line":57,"column":41}},"8":{"start":{"line":58,"column":0},"end":{"line":58,"column":42}},"9":{"start":{"line":60,"column":0},"end":{"line":62,"column":2}},"10":{"start":{"line":61,"column":2},"end":{"line":61,"column":26}},"11":{"start":{"line":64,"column":14},"end":{"line":64,"column":72}},"12":{"start":{"line":66,"column":9},"end":{"line":66,"column":14}}},"fnMap":{"0":{"name":"(anonymous_1)","decl":{"start":{"line":6,"column":9},"end":{"line":6,"column":20}},"loc":{"start":{"line":6,"column":9},"end":{"line":2,"column":48}}},"1":{"name":"(anonymous_2)","decl":{"start":{"line":49,"column":15},"end":{"line":49,"column":16}},"loc":{"start":{"line":49,"column":24},"end":{"line":52,"column":7}}},"2":{"name":"(anonymous_3)","decl":{"start":{"line":60,"column":28},"end":{"line":60,"column":29}},"loc":{"start":{"line":60,"column":46},"end":{"line":62,"column":1}}}},"branchMap":{},"s":{"0":7,"1":7,"2":41,"3":7,"4":7,"5":14,"6":14,"7":7,"8":7,"9":7,"10":12,"11":7,"12":7},"f":{"0":34,"1":14,"2":12},"b":{}}
,"/Users/ammar/LearnMicroService/ticketing/orders/src/models/ticket.ts": {"path":"/Users/ammar/LearnMicroService/ticketing/orders/src/models/ticket.ts","statementMap":{"0":{"start":{"line":1,"column":0},"end":{"line":1,"column":32}},"1":{"start":{"line":2,"column":0},"end":{"line":2,"column":45}},"2":{"start":{"line":3,"column":0},"end":{"line":3,"column":67}},"3":{"start":{"line":26,"column":21},"end":{"line":45,"column":null}},"4":{"start":{"line":41,"column":8},"end":{"line":41,"column":25}},"5":{"start":{"line":42,"column":8},"end":{"line":42,"column":23}},"6":{"start":{"line":48,"column":0},"end":{"line":48,"column":42}},"7":{"start":{"line":49,"column":0},"end":{"line":49,"column":43}},"8":{"start":{"line":51,"column":0},"end":{"line":57,"column":2}},"9":{"start":{"line":52,"column":2},"end":{"line":56,"column":5}},"10":{"start":{"line":59,"column":0},"end":{"line":64,"column":2}},"11":{"start":{"line":60,"column":2},"end":{"line":63,"column":5}},"12":{"start":{"line":66,"column":0},"end":{"line":80,"column":2}},"13":{"start":{"line":68,"column":24},"end":{"line":77,"column":null}},"14":{"start":{"line":68,"column":8},"end":{"line":77,"column":null}},"15":{"start":{"line":79,"column":2},"end":{"line":79,"column":25}},"16":{"start":{"line":82,"column":15},"end":{"line":82,"column":77}},"17":{"start":{"line":84,"column":9},"end":{"line":84,"column":15}}},"fnMap":{"0":{"name":"(anonymous_14)","decl":{"start":{"line":40,"column":15},"end":{"line":40,"column":16}},"loc":{"start":{"line":40,"column":24},"end":{"line":43,"column":7}}},"1":{"name":"(anonymous_15)","decl":{"start":{"line":51,"column":29},"end":{"line":51,"column":30}},"loc":{"start":{"line":51,"column":48},"end":{"line":57,"column":1}}},"2":{"name":"(anonymous_16)","decl":{"start":{"line":59,"column":35},"end":{"line":59,"column":36}},"loc":{"start":{"line":59,"column":74},"end":{"line":64,"column":1}}},"3":{"name":"(anonymous_17)","decl":{"start":{"line":66,"column":34},"end":{"line":66,"column":null}},"loc":{"start":{"line":66,"column":34},"end":{"line":80,"column":2}}}},"branchMap":{"0":{"loc":{"start":{"line":68,"column":24},"end":{"line":77,"column":null}},"type":"switch","locations":[{"start":{"line":68,"column":24},"end":{"line":77,"column":null}}]}},"s":{"0":7,"1":7,"2":7,"3":7,"4":14,"5":14,"6":7,"7":7,"8":7,"9":16,"10":7,"11":2,"12":7,"13":10,"14":10,"15":10,"16":7,"17":7},"f":{"0":14,"1":16,"2":2,"3":10},"b":{"0":[10]}}
,"/Users/ammar/LearnMicroService/ticketing/orders/src/routes/delete.ts": {"path":"/Users/ammar/LearnMicroService/ticketing/orders/src/routes/delete.ts","statementMap":{"0":{"start":{"line":1,"column":0},"end":{"line":1,"column":53}},"1":{"start":{"line":2,"column":0},"end":{"line":2,"column":null}},"2":{"start":{"line":7,"column":0},"end":{"line":7,"column":53}},"3":{"start":{"line":8,"column":0},"end":{"line":8,"column":89}},"4":{"start":{"line":9,"column":0},"end":{"line":9,"column":46}},"5":{"start":{"line":11,"column":15},"end":{"line":11,"column":31}},"6":{"start":{"line":43,"column":19},"end":{"line":43,"column":36}},"7":{"start":{"line":13,"column":0},"end":{"line":41,"column":2}},"8":{"start":{"line":16,"column":36},"end":{"line":40,"column":null}},"9":{"start":{"line":17,"column":12},"end":{"line":17,"column":24}},"10":{"start":{"line":19,"column":18},"end":{"line":19,"column":null}},"11":{"start":{"line":19,"column":10},"end":{"line":19,"column":null}},"12":{"start":{"line":21,"column":4},"end":{"line":23,"column":null}},"13":{"start":{"line":22,"column":6},"end":{"line":22,"column":32}},"14":{"start":{"line":24,"column":4},"end":{"line":26,"column":null}},"15":{"start":{"line":25,"column":6},"end":{"line":25,"column":37}},"16":{"start":{"line":27,"column":4},"end":{"line":27,"column":41}},"17":{"start":{"line":28,"column":4},"end":{"line":28,"column":23}},"18":{"start":{"line":31,"column":4},"end":{"line":37,"column":7}},"19":{"start":{"line":39,"column":4},"end":{"line":39,"column":32}}},"fnMap":{"0":{"name":"(anonymous_14)","decl":{"start":{"line":16,"column":2},"end":{"line":16,"column":9}},"loc":{"start":{"line":16,"column":36},"end":{"line":40,"column":null}}},"1":{"name":"(anonymous_15)","decl":{"start":{"line":16,"column":36},"end":{"line":16,"column":null}},"loc":{"start":{"line":16,"column":36},"end":{"line":40,"column":null}}}},"branchMap":{"0":{"loc":{"start":{"line":21,"column":4},"end":{"line":23,"column":null}},"type":"if","locations":[{"start":{"line":21,"column":4},"end":{"line":23,"column":null}},{"start":{"line":21,"column":4},"end":{"line":23,"column":null}}]},"1":{"loc":{"start":{"line":24,"column":4},"end":{"line":26,"column":null}},"type":"if","locations":[{"start":{"line":24,"column":4},"end":{"line":26,"column":null}},{"start":{"line":24,"column":4},"end":{"line":26,"column":null}}]}},"s":{"0":4,"1":4,"2":4,"3":4,"4":4,"5":4,"6":4,"7":4,"8":2,"9":2,"10":2,"11":2,"12":2,"13":0,"14":2,"15":0,"16":2,"17":4,"18":2,"19":2},"f":{"0":2,"1":2},"b":{"0":[0,2],"1":[0,2]}}
,"/Users/ammar/LearnMicroService/ticketing/orders/src/routes/index.ts": {"path":"/Users/ammar/LearnMicroService/ticketing/orders/src/routes/index.ts","statementMap":{"0":{"start":{"line":1,"column":0},"end":{"line":1,"column":53}},"1":{"start":{"line":2,"column":0},"end":{"line":2,"column":48}},"2":{"start":{"line":3,"column":0},"end":{"line":3,"column":40}},"3":{"start":{"line":5,"column":15},"end":{"line":5,"column":31}},"4":{"start":{"line":15,"column":19},"end":{"line":15,"column":35}},"5":{"start":{"line":7,"column":0},"end":{"line":13,"column":3}},"6":{"start":{"line":7,"column":73},"end":{"line":13,"column":2}},"7":{"start":{"line":8,"column":17},"end":{"line":10,"column":null}},"8":{"start":{"line":8,"column":8},"end":{"line":10,"column":null}},"9":{"start":{"line":12,"column":2},"end":{"line":12,"column":19}}},"fnMap":{"0":{"name":"(anonymous_14)","decl":{"start":{"line":7,"column":39},"end":{"line":7,"column":46}},"loc":{"start":{"line":7,"column":73},"end":{"line":13,"column":2}}},"1":{"name":"(anonymous_15)","decl":{"start":{"line":7,"column":73},"end":{"line":7,"column":null}},"loc":{"start":{"line":7,"column":73},"end":{"line":13,"column":2}}}},"branchMap":{"0":{"loc":{"start":{"line":8,"column":17},"end":{"line":10,"column":null}},"type":"switch","locations":[{"start":{"line":8,"column":17},"end":{"line":10,"column":null}}]}},"s":{"0":4,"1":4,"2":4,"3":4,"4":4,"5":4,"6":1,"7":1,"8":1,"9":1},"f":{"0":1,"1":1},"b":{"0":[1]}}
,"/Users/ammar/LearnMicroService/ticketing/orders/src/routes/new.ts": {"path":"/Users/ammar/LearnMicroService/ticketing/orders/src/routes/new.ts","statementMap":{"0":{"start":{"line":1,"column":0},"end":{"line":1,"column":32}},"1":{"start":{"line":2,"column":0},"end":{"line":2,"column":53}},"2":{"start":{"line":3,"column":0},"end":{"line":3,"column":null}},"3":{"start":{"line":10,"column":0},"end":{"line":10,"column":41}},"4":{"start":{"line":11,"column":0},"end":{"line":11,"column":42}},"5":{"start":{"line":12,"column":0},"end":{"line":12,"column":40}},"6":{"start":{"line":13,"column":0},"end":{"line":13,"column":85}},"7":{"start":{"line":14,"column":0},"end":{"line":14,"column":46}},"8":{"start":{"line":16,"column":15},"end":{"line":16,"column":31}},"9":{"start":{"line":78,"column":19},"end":{"line":78,"column":33}},"10":{"start":{"line":19,"column":2},"end":{"line":19,"column":52}},"11":{"start":{"line":22,"column":0},"end":{"line":76,"column":2}},"12":{"start":{"line":29,"column":33},"end":{"line":29,"column":72}},"13":{"start":{"line":33,"column":36},"end":{"line":75,"column":null}},"14":{"start":{"line":34,"column":12},"end":{"line":34,"column":25}},"15":{"start":{"line":37,"column":19},"end":{"line":37,"column":null}},"16":{"start":{"line":37,"column":10},"end":{"line":37,"column":null}},"17":{"start":{"line":38,"column":4},"end":{"line":40,"column":null}},"18":{"start":{"line":39,"column":6},"end":{"line":39,"column":32}},"19":{"start":{"line":43,"column":23},"end":{"line":43,"column":null}},"20":{"start":{"line":43,"column":10},"end":{"line":43,"column":null}},"21":{"start":{"line":44,"column":4},"end":{"line":46,"column":null}},"22":{"start":{"line":45,"column":6},"end":{"line":45,"column":62}},"23":{"start":{"line":49,"column":10},"end":{"line":49,"column":34}},"24":{"start":{"line":50,"column":4},"end":{"line":50,"column":79}},"25":{"start":{"line":53,"column":10},"end":{"line":58,"column":7}},"26":{"start":{"line":59,"column":4},"end":{"line":59,"column":23}},"27":{"start":{"line":62,"column":4},"end":{"line":72,"column":7}},"28":{"start":{"line":74,"column":4},"end":{"line":74,"column":32}}},"fnMap":{"0":{"name":"(anonymous_14)","decl":{"start":{"line":29,"column":14},"end":{"line":29,"column":15}},"loc":{"start":{"line":29,"column":28},"end":{"line":29,"column":41}}},"1":{"name":"(anonymous_15)","decl":{"start":{"line":33,"column":2},"end":{"line":33,"column":9}},"loc":{"start":{"line":33,"column":36},"end":{"line":75,"column":null}}},"2":{"name":"(anonymous_16)","decl":{"start":{"line":33,"column":36},"end":{"line":33,"column":null}},"loc":{"start":{"line":33,"column":36},"end":{"line":75,"column":null}}}},"branchMap":{"0":{"loc":{"start":{"line":38,"column":4},"end":{"line":40,"column":null}},"type":"if","locations":[{"start":{"line":38,"column":4},"end":{"line":40,"column":null}},{"start":{"line":38,"column":4},"end":{"line":40,"column":null}}]},"1":{"loc":{"start":{"line":44,"column":4},"end":{"line":46,"column":null}},"type":"if","locations":[{"start":{"line":44,"column":4},"end":{"line":46,"column":null}},{"start":{"line":44,"column":4},"end":{"line":46,"column":null}}]}},"s":{"0":4,"1":4,"2":4,"3":4,"4":4,"5":4,"6":4,"7":4,"8":4,"9":4,"10":4,"11":4,"12":11,"13":11,"14":11,"15":11,"16":11,"17":11,"18":1,"19":10,"20":10,"21":10,"22":1,"23":9,"24":9,"25":9,"26":18,"27":9,"28":9},"f":{"0":11,"1":11,"2":11},"b":{"0":[1,10],"1":[1,9]}}
,"/Users/ammar/LearnMicroService/ticketing/orders/src/routes/show.ts": {"path":"/Users/ammar/LearnMicroService/ticketing/orders/src/routes/show.ts","statementMap":{"0":{"start":{"line":1,"column":0},"end":{"line":1,"column":53}},"1":{"start":{"line":2,"column":0},"end":{"line":2,"column":null}},"2":{"start":{"line":7,"column":0},"end":{"line":7,"column":40}},"3":{"start":{"line":9,"column":15},"end":{"line":9,"column":31}},"4":{"start":{"line":28,"column":19},"end":{"line":28,"column":34}},"5":{"start":{"line":11,"column":0},"end":{"line":26,"column":2}},"6":{"start":{"line":14,"column":36},"end":{"line":25,"column":null}},"7":{"start":{"line":15,"column":18},"end":{"line":15,"column":null}},"8":{"start":{"line":15,"column":10},"end":{"line":15,"column":null}},"9":{"start":{"line":17,"column":4},"end":{"line":19,"column":null}},"10":{"start":{"line":18,"column":6},"end":{"line":18,"column":32}},"11":{"start":{"line":20,"column":4},"end":{"line":22,"column":null}},"12":{"start":{"line":21,"column":6},"end":{"line":21,"column":37}},"13":{"start":{"line":24,"column":4},"end":{"line":24,"column":20}}},"fnMap":{"0":{"name":"(anonymous_14)","decl":{"start":{"line":14,"column":2},"end":{"line":14,"column":9}},"loc":{"start":{"line":14,"column":36},"end":{"line":25,"column":null}}},"1":{"name":"(anonymous_15)","decl":{"start":{"line":14,"column":36},"end":{"line":14,"column":null}},"loc":{"start":{"line":14,"column":36},"end":{"line":25,"column":null}}}},"branchMap":{"0":{"loc":{"start":{"line":15,"column":18},"end":{"line":15,"column":null}},"type":"switch","locations":[{"start":{"line":15,"column":18},"end":{"line":15,"column":null}}]},"1":{"loc":{"start":{"line":17,"column":4},"end":{"line":19,"column":null}},"type":"if","locations":[{"start":{"line":17,"column":4},"end":{"line":19,"column":null}},{"start":{"line":17,"column":4},"end":{"line":19,"column":null}}]},"2":{"loc":{"start":{"line":20,"column":4},"end":{"line":22,"column":null}},"type":"if","locations":[{"start":{"line":20,"column":4},"end":{"line":22,"column":null}},{"start":{"line":20,"column":4},"end":{"line":22,"column":null}}]}},"s":{"0":4,"1":4,"2":4,"3":4,"4":4,"5":4,"6":2,"7":2,"8":2,"9":2,"10":0,"11":2,"12":1,"13":1},"f":{"0":2,"1":2},"b":{"0":[2],"1":[0,2],"2":[1,1]}}
}
