TN:
SF:src/app.ts
FN:28,(anonymous_14)
FN:28,(anonymous_15)
FNF:2
FNH:0
FNDA:0,(anonymous_14)
FNDA:0,(anonymous_15)
DA:1,4
DA:2,4
DA:3,4
DA:4,4
DA:5,4
DA:7,4
DA:8,4
DA:9,4
DA:10,4
DA:12,4
DA:13,4
DA:14,4
DA:15,4
DA:21,4
DA:23,4
DA:24,4
DA:25,4
DA:26,4
DA:28,4
DA:29,0
DA:32,4
DA:34,4
LF:22
LH:21
BRF:0
BRH:0
end_of_record
TN:
SF:src/events/listeners/expiration-complete-listener.ts
FN:17,(anonymous_19)
FN:22,(anonymous_21)
FNF:2
FNH:2
FNDA:4,(anonymous_19)
FNDA:3,(anonymous_21)
DA:1,1
DA:12,1
DA:13,1
DA:14,1
DA:15,1
DA:17,3
DA:20,3
DA:21,3
DA:22,1
DA:27,3
DA:29,3
DA:30,1
DA:33,2
DA:34,0
DA:37,2
DA:41,4
DA:46,4
DA:54,2
DA:56,1
LF:19
LH:18
BRDA:17,0,0,3
BRDA:17,0,1,3
BRDA:17,0,2,3
BRDA:27,1,0,3
BRDA:29,2,0,1
BRDA:29,2,1,2
BRDA:33,3,0,0
BRDA:33,3,1,2
BRF:8
BRH:7
end_of_record
TN:
SF:src/events/listeners/queue-group-name.ts
FNF:0
FNH:0
DA:1,3
LF:1
LH:1
BRF:0
BRH:0
end_of_record
TN:
SF:src/events/listeners/ticket-created-listener.ts
FN:6,(anonymous_19)
FN:10,(anonymous_21)
FNF:2
FNH:2
FNDA:6,(anonymous_19)
FNDA:4,(anonymous_21)
DA:2,2
DA:3,2
DA:4,2
DA:6,4
DA:7,4
DA:8,4
DA:10,2
DA:11,4
DA:13,4
DA:18,8
DA:20,4
DA:22,2
LF:12
LH:12
BRDA:6,0,0,4
BRDA:6,0,1,4
BRDA:6,0,2,4
BRF:3
BRH:3
end_of_record
TN:
SF:src/events/listeners/ticket-updated-listener.ts
FN:6,(anonymous_19)
FN:10,(anonymous_21)
FNF:2
FNH:2
FNDA:3,(anonymous_19)
FNDA:2,(anonymous_21)
DA:2,1
DA:3,1
DA:4,1
DA:6,2
DA:7,2
DA:8,2
DA:10,1
DA:11,2
DA:13,2
DA:14,1
DA:17,1
DA:18,1
DA:19,2
DA:21,1
DA:23,1
LF:15
LH:15
BRDA:6,0,0,2
BRDA:6,0,1,2
BRDA:6,0,2,2
BRDA:11,1,0,2
BRDA:13,2,0,1
BRDA:13,2,1,1
BRF:6
BRH:6
end_of_record
TN:
SF:src/events/publishers/order-cancelled-publisher.ts
FN:3,(anonymous_6)
FNF:1
FNH:1
FNDA:9,(anonymous_6)
DA:1,5
DA:3,5
DA:4,4
DA:5,5
LF:4
LH:4
BRDA:3,0,0,4
BRDA:3,0,1,4
BRDA:3,0,2,4
BRF:3
BRH:3
end_of_record
TN:
SF:src/events/publishers/order-created-publisher.ts
FN:3,(anonymous_6)
FNF:1
FNH:1
FNDA:13,(anonymous_6)
DA:1,4
DA:3,9
DA:4,9
DA:5,4
LF:4
LH:4
BRDA:3,0,0,9
BRDA:3,0,1,9
BRDA:3,0,2,9
BRF:3
BRH:3
end_of_record
TN:
SF:src/models/order.ts
FN:6,(anonymous_1)
FN:49,(anonymous_2)
FN:60,(anonymous_3)
FNF:3
FNH:3
FNDA:34,(anonymous_1)
FNDA:14,(anonymous_2)
FNDA:12,(anonymous_3)
DA:1,7
DA:2,7
DA:4,7
DA:6,41
DA:27,7
DA:50,14
DA:51,14
DA:57,7
DA:58,7
DA:60,7
DA:61,12
DA:64,7
DA:66,7
LF:13
LH:13
BRF:0
BRH:0
end_of_record
TN:
SF:src/models/ticket.ts
FN:40,(anonymous_14)
FN:51,(anonymous_15)
FN:59,(anonymous_16)
FN:66,(anonymous_17)
FNF:4
FNH:4
FNDA:14,(anonymous_14)
FNDA:16,(anonymous_15)
FNDA:2,(anonymous_16)
FNDA:10,(anonymous_17)
DA:1,7
DA:2,7
DA:3,7
DA:26,7
DA:41,14
DA:42,14
DA:48,7
DA:49,7
DA:51,7
DA:52,16
DA:59,7
DA:60,2
DA:66,7
DA:68,10
DA:79,10
DA:82,7
DA:84,7
LF:17
LH:17
BRDA:68,0,0,10
BRF:1
BRH:1
end_of_record
TN:
SF:src/routes/delete.ts
FN:16,(anonymous_14)
FN:16,(anonymous_15)
FNF:2
FNH:2
FNDA:2,(anonymous_14)
FNDA:2,(anonymous_15)
DA:1,4
DA:2,4
DA:7,4
DA:8,4
DA:9,4
DA:11,4
DA:13,4
DA:16,2
DA:17,2
DA:19,2
DA:21,2
DA:22,0
DA:24,2
DA:25,0
DA:27,2
DA:28,4
DA:31,2
DA:39,2
DA:43,4
LF:19
LH:17
BRDA:21,0,0,0
BRDA:21,0,1,2
BRDA:24,1,0,0
BRDA:24,1,1,2
BRF:4
BRH:2
end_of_record
TN:
SF:src/routes/index.ts
FN:7,(anonymous_14)
FN:7,(anonymous_15)
FNF:2
FNH:2
FNDA:1,(anonymous_14)
FNDA:1,(anonymous_15)
DA:1,4
DA:2,4
DA:3,4
DA:5,4
DA:7,4
DA:8,1
DA:12,1
DA:15,4
LF:8
LH:8
BRDA:8,0,0,1
BRF:1
BRH:1
end_of_record
TN:
SF:src/routes/new.ts
FN:29,(anonymous_14)
FN:33,(anonymous_15)
FN:33,(anonymous_16)
FNF:3
FNH:3
FNDA:11,(anonymous_14)
FNDA:11,(anonymous_15)
FNDA:11,(anonymous_16)
DA:1,4
DA:2,4
DA:3,4
DA:10,4
DA:11,4
DA:12,4
DA:13,4
DA:14,4
DA:16,4
DA:19,4
DA:22,4
DA:29,11
DA:33,11
DA:34,11
DA:37,11
DA:38,11
DA:39,1
DA:43,10
DA:44,10
DA:45,1
DA:49,9
DA:50,9
DA:53,9
DA:59,18
DA:62,9
DA:74,9
DA:78,4
LF:27
LH:27
BRDA:38,0,0,1
BRDA:38,0,1,10
BRDA:44,1,0,1
BRDA:44,1,1,9
BRF:4
BRH:4
end_of_record
TN:
SF:src/routes/show.ts
FN:14,(anonymous_14)
FN:14,(anonymous_15)
FNF:2
FNH:2
FNDA:2,(anonymous_14)
FNDA:2,(anonymous_15)
DA:1,4
DA:2,4
DA:7,4
DA:9,4
DA:11,4
DA:14,2
DA:15,2
DA:17,2
DA:18,0
DA:20,2
DA:21,1
DA:24,1
DA:28,4
LF:13
LH:12
BRDA:15,0,0,2
BRDA:17,1,0,0
BRDA:17,1,1,2
BRDA:20,2,0,1
BRDA:20,2,1,1
BRF:5
BRH:4
end_of_record
